<?xml version="1.0" encoding="UTF-8"?>
<testsuite xmlns:xsi="http://www.w3.org/2001/XMLSchema-instance" xsi:noNamespaceSchemaLocation="https://maven.apache.org/surefire/maven-surefire-plugin/xsd/surefire-test-report.xsd" version="3.0.2" name="com.wiormiw.digilott_20.ApplicationTests" time="4.006" tests="1" errors="0" skipped="0" failures="0">
  <properties>
[...]
</properties>
  <testcase name="contextLoads" classname="com.wiormiw.digilott_20.ApplicationTests" time="0.42">
    <system-out><![CDATA[21:06:54.363 [main] INFO org.springframework.test.context.support.AnnotationConfigContextLoaderUtils -- Could not detect default configuration classes for test class [com.wiormiw.digilott_20.ApplicationTests]: ApplicationTests does not declare any static, non-private, non-final, nested classes annotated with @Configuration.
21:06:54.452 [main] INFO org.springframework.boot.test.context.SpringBootTestContextBootstrapper -- Found @SpringBootConfiguration com.wiormiw.digilott_20.Application for test class com.wiormiw.digilott_20.ApplicationTests

  .   ____          _            __ _ _
 /\\ / ___'_ __ _ _(_)_ __  __ _ \ \ \ \
( ( )\___ | '_ | '_| | '_ \/ _` | \ \ \ \
 \\/  ___)| |_)| | | | | || (_| |  ) ) ) )
  '  |____| .__|_| |_|_| |_\__, | / / / /
 =========|_|==============|___/=/_/_/_/

 :: Spring Boot ::                (v3.4.3)

2025-02-25T21:06:54.783+07:00  INFO 10258 --- [digilott-2.0] [           main] c.wiormiw.digilott_20.ApplicationTests   : Starting ApplicationTests using Java 21.0.6 with PID 10258 (started by wiormiw in /home/wiormiw/Git/Projects/digilott-2.0-API)
2025-02-25T21:06:54.784+07:00  INFO 10258 --- [digilott-2.0] [           main] c.wiormiw.digilott_20.ApplicationTests   : No active profile set, falling back to 1 default profile: "default"
2025-02-25T21:06:55.391+07:00  INFO 10258 --- [digilott-2.0] [           main] .s.d.r.c.RepositoryConfigurationDelegate : Bootstrapping Spring Data JPA repositories in DEFAULT mode.
2025-02-25T21:06:55.445+07:00  INFO 10258 --- [digilott-2.0] [           main] .s.d.r.c.RepositoryConfigurationDelegate : Finished Spring Data repository scanning in 46 ms. Found 2 JPA repository interfaces.
2025-02-25T21:06:55.873+07:00  INFO 10258 --- [digilott-2.0] [           main] o.hibernate.jpa.internal.util.LogHelper  : HHH000204: Processing PersistenceUnitInfo [name: default]
2025-02-25T21:06:55.911+07:00  INFO 10258 --- [digilott-2.0] [           main] org.hibernate.Version                    : HHH000412: Hibernate ORM core version 6.6.8.Final
2025-02-25T21:06:55.938+07:00  INFO 10258 --- [digilott-2.0] [           main] o.h.c.internal.RegionFactoryInitiator    : HHH000026: Second-level cache disabled
2025-02-25T21:06:56.163+07:00  INFO 10258 --- [digilott-2.0] [           main] o.s.o.j.p.SpringPersistenceUnitInfo      : No LoadTimeWeaver setup: ignoring JPA class transformer
2025-02-25T21:06:56.180+07:00  INFO 10258 --- [digilott-2.0] [           main] com.zaxxer.hikari.HikariDataSource       : HikariPool-1 - Starting...
2025-02-25T21:06:56.315+07:00  INFO 10258 --- [digilott-2.0] [           main] com.zaxxer.hikari.pool.HikariPool        : HikariPool-1 - Added connection org.postgresql.jdbc.PgConnection@5834198f
2025-02-25T21:06:56.316+07:00  INFO 10258 --- [digilott-2.0] [           main] com.zaxxer.hikari.HikariDataSource       : HikariPool-1 - Start completed.
2025-02-25T21:06:56.357+07:00  INFO 10258 --- [digilott-2.0] [           main] org.hibernate.orm.connections.pooling    : HHH10001005: Database info:
	Database JDBC URL [Connecting through datasource 'HikariDataSource (HikariPool-1)']
	Database driver: undefined/unknown
	Database version: 17.4
	Autocommit mode: undefined/unknown
	Isolation level: undefined/unknown
	Minimum pool size: undefined/unknown
	Maximum pool size: undefined/unknown
2025-02-25T21:06:56.916+07:00  INFO 10258 --- [digilott-2.0] [           main] o.h.e.t.j.p.i.JtaPlatformInitiator       : HHH000489: No JTA platform available (set 'hibernate.transaction.jta.platform' to enable JTA platform integration)
2025-02-25T21:06:57.010+07:00  INFO 10258 --- [digilott-2.0] [           main] j.LocalContainerEntityManagerFactoryBean : Initialized JPA EntityManagerFactory for persistence unit 'default'
2025-02-25T21:06:57.286+07:00  WARN 10258 --- [digilott-2.0] [           main] JpaBaseConfiguration$JpaWebConfiguration : spring.jpa.open-in-view is enabled by default. Therefore, database queries may be performed during view rendering. Explicitly configure spring.jpa.open-in-view to disable this warning
2025-02-25T21:06:57.312+07:00  INFO 10258 --- [digilott-2.0] [           main] r$InitializeUserDetailsManagerConfigurer : Global AuthenticationManager configured with UserDetailsService bean with name userDetailsServiceImpl
2025-02-25T21:06:57.767+07:00  INFO 10258 --- [digilott-2.0] [           main] c.wiormiw.digilott_20.ApplicationTests   : Started ApplicationTests in 3.224 seconds (process running for 3.994)
]]></system-out>
    <system-err><![CDATA[Mockito is currently self-attaching to enable the inline-mock-maker. This will no longer work in future releases of the JDK. Please add Mockito as an agent to your build what is described in Mockito's documentation: https://javadoc.io/doc/org.mockito/mockito-core/latest/org/mockito/Mockito.html#0.3
WARNING: A Java agent has been loaded dynamically (/home/wiormiw/.m2/repository/net/bytebuddy/byte-buddy-agent/1.15.11/byte-buddy-agent-1.15.11.jar)
WARNING: If a serviceability tool is in use, please run with -XX:+EnableDynamicAgentLoading to hide this warning
WARNING: If a serviceability tool is not in use, please run with -Djdk.instrument.traceUsage for more information
WARNING: Dynamic loading of agents will be disallowed by default in a future release
]]></system-err>
  </testcase>
</testsuite>